{"/Users/parintorns/app/mystorybook/src/App.js": {"path":"/Users/parintorns/app/mystorybook/src/App.js","statementMap":{"0":{"start":{"line":15,"column":21},"end":{"line":20,"column":2}},"1":{"start":{"line":24,"column":4},"end":{"line":36,"column":5}},"2":{"start":{"line":40,"column":15},"end":{"line":57,"column":2}}},"fnMap":{"0":{"name":"(anonymous_0)","decl":{"start":{"line":23,"column":2},"end":{"line":23,"column":3}},"loc":{"start":{"line":23,"column":11},"end":{"line":37,"column":3}},"line":23}},"branchMap":{},"s":{"0":1,"1":1,"2":1},"f":{"0":1},"b":{},"_coverageSchema":"332fd63041d2c1bcb487cc26dd0d5f7d97098a6c","hash":"ba3226b5b61e6732c8424c9a01d81a8d4430f84d"}
}
