{"/Users/parintorns/app/mystorybook/src/App.js": {"path":"/Users/parintorns/app/mystorybook/src/App.js","statementMap":{"0":{"start":{"line":15,"column":21},"end":{"line":20,"column":2}},"1":{"start":{"line":24,"column":4},"end":{"line":36,"column":5}},"2":{"start":{"line":40,"column":15},"end":{"line":57,"column":2}}},"fnMap":{"0":{"name":"(anonymous_0)","decl":{"start":{"line":23,"column":2},"end":{"line":23,"column":3}},"loc":{"start":{"line":23,"column":11},"end":{"line":37,"column":3}},"line":23}},"branchMap":{},"s":{"0":1,"1":1,"2":1},"f":{"0":1},"b":{},"_coverageSchema":"332fd63041d2c1bcb487cc26dd0d5f7d97098a6c","hash":"ba3226b5b61e6732c8424c9a01d81a8d4430f84d"}
,"/Users/parintorns/app/mystorybook/src/pages/Campaigns.js": {"path":"/Users/parintorns/app/mystorybook/src/pages/Campaigns.js","statementMap":{"0":{"start":{"line":15,"column":4},"end":{"line":25,"column":5}}},"fnMap":{"0":{"name":"(anonymous_0)","decl":{"start":{"line":14,"column":2},"end":{"line":14,"column":3}},"loc":{"start":{"line":14,"column":12},"end":{"line":26,"column":3}},"line":14}},"branchMap":{},"s":{"0":1},"f":{"0":1},"b":{},"_coverageSchema":"332fd63041d2c1bcb487cc26dd0d5f7d97098a6c","hash":"62537bbb7eb741fc1a677aaef76d66530c941325"}
,"/Users/parintorns/app/mystorybook/src/pages/Collection.js": {"path":"/Users/parintorns/app/mystorybook/src/pages/Collection.js","statementMap":{"0":{"start":{"line":15,"column":4},"end":{"line":25,"column":5}}},"fnMap":{"0":{"name":"(anonymous_0)","decl":{"start":{"line":14,"column":2},"end":{"line":14,"column":3}},"loc":{"start":{"line":14,"column":12},"end":{"line":26,"column":3}},"line":14}},"branchMap":{},"s":{"0":1},"f":{"0":1},"b":{},"_coverageSchema":"332fd63041d2c1bcb487cc26dd0d5f7d97098a6c","hash":"5339473a3b8c2e2a92afca4668244097ad98307f"}
,"/Users/parintorns/app/mystorybook/src/pages/Dashboard.js": {"path":"/Users/parintorns/app/mystorybook/src/pages/Dashboard.js","statementMap":{"0":{"start":{"line":15,"column":4},"end":{"line":25,"column":5}}},"fnMap":{"0":{"name":"(anonymous_0)","decl":{"start":{"line":14,"column":2},"end":{"line":14,"column":3}},"loc":{"start":{"line":14,"column":12},"end":{"line":26,"column":3}},"line":14}},"branchMap":{},"s":{"0":1},"f":{"0":1},"b":{},"_coverageSchema":"332fd63041d2c1bcb487cc26dd0d5f7d97098a6c","hash":"9fd84cd2792935a73623ee25f22dd84e5ce1f998"}
,"/Users/parintorns/app/mystorybook/src/pages/Feed.js": {"path":"/Users/parintorns/app/mystorybook/src/pages/Feed.js","statementMap":{"0":{"start":{"line":15,"column":4},"end":{"line":25,"column":5}}},"fnMap":{"0":{"name":"(anonymous_0)","decl":{"start":{"line":14,"column":2},"end":{"line":14,"column":3}},"loc":{"start":{"line":14,"column":12},"end":{"line":26,"column":3}},"line":14}},"branchMap":{},"s":{"0":1},"f":{"0":1},"b":{},"_coverageSchema":"332fd63041d2c1bcb487cc26dd0d5f7d97098a6c","hash":"ab3121d590d277825e1162f8c9b51ec74443d090"}
,"/Users/parintorns/app/mystorybook/src/pages/PlaceProfile.js": {"path":"/Users/parintorns/app/mystorybook/src/pages/PlaceProfile.js","statementMap":{"0":{"start":{"line":15,"column":4},"end":{"line":25,"column":5}}},"fnMap":{"0":{"name":"(anonymous_0)","decl":{"start":{"line":14,"column":2},"end":{"line":14,"column":3}},"loc":{"start":{"line":14,"column":12},"end":{"line":26,"column":3}},"line":14}},"branchMap":{},"s":{"0":1},"f":{"0":1},"b":{},"_coverageSchema":"332fd63041d2c1bcb487cc26dd0d5f7d97098a6c","hash":"72732795e56c503e465d37b9be2f362805980282"}
,"/Users/parintorns/app/mystorybook/src/pages/Search.js": {"path":"/Users/parintorns/app/mystorybook/src/pages/Search.js","statementMap":{"0":{"start":{"line":15,"column":4},"end":{"line":25,"column":5}}},"fnMap":{"0":{"name":"(anonymous_0)","decl":{"start":{"line":14,"column":2},"end":{"line":14,"column":3}},"loc":{"start":{"line":14,"column":12},"end":{"line":26,"column":3}},"line":14}},"branchMap":{},"s":{"0":1},"f":{"0":1},"b":{},"_coverageSchema":"332fd63041d2c1bcb487cc26dd0d5f7d97098a6c","hash":"881af778ac0e4cf118ff14a67e781c80088dd083"}
,"/Users/parintorns/app/mystorybook/src/pages/Stories.js": {"path":"/Users/parintorns/app/mystorybook/src/pages/Stories.js","statementMap":{"0":{"start":{"line":15,"column":4},"end":{"line":25,"column":5}}},"fnMap":{"0":{"name":"(anonymous_0)","decl":{"start":{"line":14,"column":2},"end":{"line":14,"column":3}},"loc":{"start":{"line":14,"column":12},"end":{"line":26,"column":3}},"line":14}},"branchMap":{},"s":{"0":1},"f":{"0":1},"b":{},"_coverageSchema":"332fd63041d2c1bcb487cc26dd0d5f7d97098a6c","hash":"800b2824755b98ba2eb722c68efdebadcff8690e"}
}
